  [4;36;1mSQL (0.000460)[0m   [0;1m SELECT name
 FROM sqlite_master
 WHERE type = 'table' AND NOT name = 'sqlite_sequence'
[0m
  [4;35;1mSQL (0.000311)[0m   [0mselect sqlite_version(*)[0m
  [4;36;1mSQL (0.327521)[0m   [0;1mCREATE TABLE "schema_migrations" ("version" varchar(255) NOT NULL) [0m
  [4;35;1mSQL (0.178799)[0m   [0mCREATE UNIQUE INDEX "unique_schema_migrations" ON "schema_migrations" ("version")[0m
  [4;36;1mSQL (0.000693)[0m   [0;1m SELECT name
 FROM sqlite_master
 WHERE type = 'table' AND NOT name = 'sqlite_sequence'
[0m
  [4;35;1mSQL (0.000381)[0m   [0mSELECT version FROM schema_migrations[0m
Migrating to CreateSystemTimes (20080701094617)
  [4;36;1mSQL (0.000222)[0m   [0;1mSELECT version FROM schema_migrations[0m
  [4;35;1mSQL (0.166406)[0m   [0mCREATE TABLE "system_times" ("id" INTEGER PRIMARY KEY AUTOINCREMENT NOT NULL, "system_time" datetime DEFAULT NULL NULL, "timezone" varchar(255) DEFAULT NULL NULL, "is_utc" boolean DEFAULT NULL NULL, "created_at" datetime DEFAULT NULL NULL, "updated_at" datetime DEFAULT NULL NULL) [0m
  [4;36;1mSQL (0.102925)[0m   [0;1mINSERT INTO schema_migrations (version) VALUES ('20080701094617')[0m
  [4;35;1mSQL (0.000614)[0m   [0mSELECT version FROM schema_migrations[0m
  [4;36;1mSQL (0.000634)[0m   [0;1m SELECT name
 FROM sqlite_master
 WHERE type = 'table' AND NOT name = 'sqlite_sequence'
[0m
  [4;35;1mSQL (0.000161)[0m   [0mPRAGMA index_list("system_times")[0m
  [4;36;1mSystemTime Load (0.001595)[0m   [0;1mSELECT * FROM "system_times" [0m
  [4;35;1mSystemTime Create (0.000900)[0m   [0mINSERT INTO "system_times" ("updated_at", "timezone", "is_utc", "system_time", "created_at") VALUES('2008-07-01 10:06:28', 'GMT', NULL, '2008-07-01 10:05:24', '2008-07-01 10:06:28')[0m
  [4;36;1mSystemTime Load (0.001163)[0m   [0;1mSELECT * FROM "system_times" [0m


Processing SystemController#index (for 127.0.0.1 at 2008-07-01 12:10:54) [GET]
  Session ID: cfb6fb917bee76ad33ac727102092340
  Parameters: {"action"=>"index", "controller"=>"system"}


Processing SystemController#index (for 127.0.0.1 at 2008-07-01 12:10:54) [GET]
  Session ID: cfb6fb917bee76ad33ac727102092340
  Parameters: {"action"=>"index", "controller"=>"system"}


MissingSourceFile (no such file to load -- sqlite3):
    /usr/lib/ruby/site_ruby/1.8/rubygems/custom_require.rb:27:in `gem_original_require'
    /usr/lib/ruby/site_ruby/1.8/rubygems/custom_require.rb:27:in `require'
    /usr/lib/ruby/gems/1.8/gems/activesupport-2.1.0/lib/active_support/dependencies.rb:509:in `require'
    /usr/lib/ruby/gems/1.8/gems/activesupport-2.1.0/lib/active_support/dependencies.rb:354:in `new_constants_in'
    /usr/lib/ruby/gems/1.8/gems/activesupport-2.1.0/lib/active_support/dependencies.rb:509:in `require'
    /usr/lib/ruby/gems/1.8/gems/activesupport-2.1.0/lib/active_support/core_ext/kernel/requires.rb:7:in `require_library_or_gem'
    /usr/lib/ruby/gems/1.8/gems/activesupport-2.1.0/lib/active_support/core_ext/kernel/reporting.rb:11:in `silence_warnings'
    /usr/lib/ruby/gems/1.8/gems/activesupport-2.1.0/lib/active_support/core_ext/kernel/requires.rb:5:in `require_library_or_gem'
    /usr/lib/ruby/gems/1.8/gems/activerecord-2.1.0/lib/active_record/connection_adapters/sqlite3_adapter.rb:10:in `sqlite3_connection'
    /usr/lib/ruby/gems/1.8/gems/activerecord-2.1.0/lib/active_record/connection_adapters/abstract/connection_specification.rb:292:in `send'
    /usr/lib/ruby/gems/1.8/gems/activerecord-2.1.0/lib/active_record/connection_adapters/abstract/connection_specification.rb:292:in `connection='
    /usr/lib/ruby/gems/1.8/gems/activerecord-2.1.0/lib/active_record/connection_adapters/abstract/connection_specification.rb:260:in `retrieve_connection'
    /usr/lib/ruby/gems/1.8/gems/activerecord-2.1.0/lib/active_record/connection_adapters/abstract/connection_specification.rb:78:in `connection'
    /usr/lib/ruby/gems/1.8/gems/activerecord-2.1.0/lib/active_record/query_cache.rb:8:in `cache'
    /usr/lib/ruby/gems/1.8/gems/actionpack-2.1.0/lib/action_controller/caching/sql_cache.rb:12:in `perform_action'
    /usr/lib/ruby/gems/1.8/gems/actionpack-2.1.0/lib/action_controller/base.rb:529:in `send'
    /usr/lib/ruby/gems/1.8/gems/actionpack-2.1.0/lib/action_controller/base.rb:529:in `process_without_filters'
    /usr/lib/ruby/gems/1.8/gems/actionpack-2.1.0/lib/action_controller/filters.rb:569:in `process_without_session_management_support'
    /usr/lib/ruby/gems/1.8/gems/actionpack-2.1.0/lib/action_controller/session_management.rb:130:in `process'
    /usr/lib/ruby/gems/1.8/gems/actionpack-2.1.0/lib/action_controller/base.rb:389:in `process'
    /usr/lib/ruby/gems/1.8/gems/actionpack-2.1.0/lib/action_controller/dispatcher.rb:149:in `handle_request'
    /usr/lib/ruby/gems/1.8/gems/actionpack-2.1.0/lib/action_controller/dispatcher.rb:107:in `dispatch'
    /usr/lib/ruby/gems/1.8/gems/actionpack-2.1.0/lib/action_controller/dispatcher.rb:104:in `synchronize'
    /usr/lib/ruby/gems/1.8/gems/actionpack-2.1.0/lib/action_controller/dispatcher.rb:104:in `dispatch'
    /usr/lib/ruby/gems/1.8/gems/actionpack-2.1.0/lib/action_controller/dispatcher.rb:120:in `dispatch_cgi'
    /usr/lib/ruby/gems/1.8/gems/actionpack-2.1.0/lib/action_controller/dispatcher.rb:35:in `dispatch'
    /usr/lib/ruby/gems/1.8/gems/mongrel-1.0.1/lib/mongrel/rails.rb:78:in `process'
    /usr/lib/ruby/gems/1.8/gems/mongrel-1.0.1/lib/mongrel/rails.rb:76:in `synchronize'
    /usr/lib/ruby/gems/1.8/gems/mongrel-1.0.1/lib/mongrel/rails.rb:76:in `process'
    /usr/lib/ruby/gems/1.8/gems/mongrel-1.0.1/lib/mongrel.rb:616:in `process_client'
    /usr/lib/ruby/gems/1.8/gems/mongrel-1.0.1/lib/mongrel.rb:615:in `each'
    /usr/lib/ruby/gems/1.8/gems/mongrel-1.0.1/lib/mongrel.rb:615:in `process_client'
    /usr/lib/ruby/gems/1.8/gems/mongrel-1.0.1/lib/mongrel.rb:734:in `run'
    /usr/lib/ruby/gems/1.8/gems/mongrel-1.0.1/lib/mongrel.rb:734:in `initialize'
    /usr/lib/ruby/gems/1.8/gems/mongrel-1.0.1/lib/mongrel.rb:734:in `new'
    /usr/lib/ruby/gems/1.8/gems/mongrel-1.0.1/lib/mongrel.rb:734:in `run'
    /usr/lib/ruby/gems/1.8/gems/mongrel-1.0.1/lib/mongrel.rb:718:in `initialize'
    /usr/lib/ruby/gems/1.8/gems/mongrel-1.0.1/lib/mongrel.rb:718:in `new'
    /usr/lib/ruby/gems/1.8/gems/mongrel-1.0.1/lib/mongrel.rb:718:in `run'
    /usr/lib/ruby/gems/1.8/gems/mongrel-1.0.1/lib/mongrel/configurator.rb:271:in `run'
    /usr/lib/ruby/gems/1.8/gems/mongrel-1.0.1/lib/mongrel/configurator.rb:270:in `each'
    /usr/lib/ruby/gems/1.8/gems/mongrel-1.0.1/lib/mongrel/configurator.rb:270:in `run'
    /usr/lib/ruby/gems/1.8/gems/mongrel-1.0.1/bin/mongrel_rails:126:in `run'
    /usr/lib/ruby/gems/1.8/gems/mongrel-1.0.1/lib/mongrel/command.rb:211:in `run'
    /usr/lib/ruby/gems/1.8/gems/mongrel-1.0.1/bin/mongrel_rails:242
    /usr/lib/ruby/gems/1.8/gems/activesupport-2.1.0/lib/active_support/dependencies.rb:502:in `load'
    /usr/lib/ruby/gems/1.8/gems/activesupport-2.1.0/lib/active_support/dependencies.rb:502:in `load'
    /usr/lib/ruby/gems/1.8/gems/activesupport-2.1.0/lib/active_support/dependencies.rb:354:in `new_constants_in'
    /usr/lib/ruby/gems/1.8/gems/activesupport-2.1.0/lib/active_support/dependencies.rb:502:in `load'
    /usr/lib/ruby/gems/1.8/gems/rails-2.1.0/lib/commands/servers/mongrel.rb:64
    /usr/lib/ruby/site_ruby/1.8/rubygems/custom_require.rb:27:in `gem_original_require'
    /usr/lib/ruby/site_ruby/1.8/rubygems/custom_require.rb:27:in `require'
    /usr/lib/ruby/gems/1.8/gems/activesupport-2.1.0/lib/active_support/dependencies.rb:509:in `require'
    /usr/lib/ruby/gems/1.8/gems/activesupport-2.1.0/lib/active_support/dependencies.rb:354:in `new_constants_in'
    /usr/lib/ruby/gems/1.8/gems/activesupport-2.1.0/lib/active_support/dependencies.rb:509:in `require'
    /usr/lib/ruby/gems/1.8/gems/rails-2.1.0/lib/commands/server.rb:39
    /usr/lib/ruby/site_ruby/1.8/rubygems/custom_require.rb:27:in `gem_original_require'
    /usr/lib/ruby/site_ruby/1.8/rubygems/custom_require.rb:27:in `require'
    script/server:3

Rendering /usr/lib/ruby/gems/1.8/gems/actionpack-2.1.0/lib/action_controller/templates/rescues/layout.erb (internal_server_error)


Processing SystemController#time (for 127.0.0.1 at 2008-07-01 12:11:01) [GET]
  Session ID: BAh7BiIKZmxhc2hJQzonQWN0aW9uQ29udHJvbGxlcjo6Rmxhc2g6OkZsYXNo
SGFzaHsABjoKQHVzZWR7AA==--5e0513e79ee17a01f5cb3da0280ac54288daf83a
  Parameters: {"action"=>"time", "controller"=>"system"}


Processing SystemController#time (for 127.0.0.1 at 2008-07-01 12:11:01) [GET]
  Session ID: BAh7BiIKZmxhc2hJQzonQWN0aW9uQ29udHJvbGxlcjo6Rmxhc2g6OkZsYXNo
SGFzaHsABjoKQHVzZWR7AA==--5e0513e79ee17a01f5cb3da0280ac54288daf83a
  Parameters: {"action"=>"time", "controller"=>"system"}


MissingSourceFile (no such file to load -- sqlite3):
    /usr/lib/ruby/site_ruby/1.8/rubygems/custom_require.rb:27:in `gem_original_require'
    /usr/lib/ruby/site_ruby/1.8/rubygems/custom_require.rb:27:in `require'
    /usr/lib/ruby/gems/1.8/gems/activesupport-2.1.0/lib/active_support/dependencies.rb:509:in `require'
    /usr/lib/ruby/gems/1.8/gems/activesupport-2.1.0/lib/active_support/dependencies.rb:354:in `new_constants_in'
    /usr/lib/ruby/gems/1.8/gems/activesupport-2.1.0/lib/active_support/dependencies.rb:509:in `require'
    /usr/lib/ruby/gems/1.8/gems/activesupport-2.1.0/lib/active_support/core_ext/kernel/requires.rb:7:in `require_library_or_gem'
    /usr/lib/ruby/gems/1.8/gems/activesupport-2.1.0/lib/active_support/core_ext/kernel/reporting.rb:11:in `silence_warnings'
    /usr/lib/ruby/gems/1.8/gems/activesupport-2.1.0/lib/active_support/core_ext/kernel/requires.rb:5:in `require_library_or_gem'
    /usr/lib/ruby/gems/1.8/gems/activerecord-2.1.0/lib/active_record/connection_adapters/sqlite3_adapter.rb:10:in `sqlite3_connection'
    /usr/lib/ruby/gems/1.8/gems/activerecord-2.1.0/lib/active_record/connection_adapters/abstract/connection_specification.rb:292:in `send'
    /usr/lib/ruby/gems/1.8/gems/activerecord-2.1.0/lib/active_record/connection_adapters/abstract/connection_specification.rb:292:in `connection='
    /usr/lib/ruby/gems/1.8/gems/activerecord-2.1.0/lib/active_record/connection_adapters/abstract/connection_specification.rb:260:in `retrieve_connection'
    /usr/lib/ruby/gems/1.8/gems/activerecord-2.1.0/lib/active_record/connection_adapters/abstract/connection_specification.rb:78:in `connection'
    /usr/lib/ruby/gems/1.8/gems/activerecord-2.1.0/lib/active_record/query_cache.rb:8:in `cache'
    /usr/lib/ruby/gems/1.8/gems/actionpack-2.1.0/lib/action_controller/caching/sql_cache.rb:12:in `perform_action'
    /usr/lib/ruby/gems/1.8/gems/actionpack-2.1.0/lib/action_controller/base.rb:529:in `send'
    /usr/lib/ruby/gems/1.8/gems/actionpack-2.1.0/lib/action_controller/base.rb:529:in `process_without_filters'
    /usr/lib/ruby/gems/1.8/gems/actionpack-2.1.0/lib/action_controller/filters.rb:569:in `process_without_session_management_support'
    /usr/lib/ruby/gems/1.8/gems/actionpack-2.1.0/lib/action_controller/session_management.rb:130:in `process'
    /usr/lib/ruby/gems/1.8/gems/actionpack-2.1.0/lib/action_controller/base.rb:389:in `process'
    /usr/lib/ruby/gems/1.8/gems/actionpack-2.1.0/lib/action_controller/dispatcher.rb:149:in `handle_request'
    /usr/lib/ruby/gems/1.8/gems/actionpack-2.1.0/lib/action_controller/dispatcher.rb:107:in `dispatch'
    /usr/lib/ruby/gems/1.8/gems/actionpack-2.1.0/lib/action_controller/dispatcher.rb:104:in `synchronize'
    /usr/lib/ruby/gems/1.8/gems/actionpack-2.1.0/lib/action_controller/dispatcher.rb:104:in `dispatch'
    /usr/lib/ruby/gems/1.8/gems/actionpack-2.1.0/lib/action_controller/dispatcher.rb:120:in `dispatch_cgi'
    /usr/lib/ruby/gems/1.8/gems/actionpack-2.1.0/lib/action_controller/dispatcher.rb:35:in `dispatch'
    /usr/lib/ruby/gems/1.8/gems/mongrel-1.0.1/lib/mongrel/rails.rb:78:in `process'
    /usr/lib/ruby/gems/1.8/gems/mongrel-1.0.1/lib/mongrel/rails.rb:76:in `synchronize'
    /usr/lib/ruby/gems/1.8/gems/mongrel-1.0.1/lib/mongrel/rails.rb:76:in `process'
    /usr/lib/ruby/gems/1.8/gems/mongrel-1.0.1/lib/mongrel.rb:616:in `process_client'
    /usr/lib/ruby/gems/1.8/gems/mongrel-1.0.1/lib/mongrel.rb:615:in `each'
    /usr/lib/ruby/gems/1.8/gems/mongrel-1.0.1/lib/mongrel.rb:615:in `process_client'
    /usr/lib/ruby/gems/1.8/gems/mongrel-1.0.1/lib/mongrel.rb:734:in `run'
    /usr/lib/ruby/gems/1.8/gems/mongrel-1.0.1/lib/mongrel.rb:734:in `initialize'
    /usr/lib/ruby/gems/1.8/gems/mongrel-1.0.1/lib/mongrel.rb:734:in `new'
    /usr/lib/ruby/gems/1.8/gems/mongrel-1.0.1/lib/mongrel.rb:734:in `run'
    /usr/lib/ruby/gems/1.8/gems/mongrel-1.0.1/lib/mongrel.rb:718:in `initialize'
    /usr/lib/ruby/gems/1.8/gems/mongrel-1.0.1/lib/mongrel.rb:718:in `new'
    /usr/lib/ruby/gems/1.8/gems/mongrel-1.0.1/lib/mongrel.rb:718:in `run'
    /usr/lib/ruby/gems/1.8/gems/mongrel-1.0.1/lib/mongrel/configurator.rb:271:in `run'
    /usr/lib/ruby/gems/1.8/gems/mongrel-1.0.1/lib/mongrel/configurator.rb:270:in `each'
    /usr/lib/ruby/gems/1.8/gems/mongrel-1.0.1/lib/mongrel/configurator.rb:270:in `run'
    /usr/lib/ruby/gems/1.8/gems/mongrel-1.0.1/bin/mongrel_rails:126:in `run'
    /usr/lib/ruby/gems/1.8/gems/mongrel-1.0.1/lib/mongrel/command.rb:211:in `run'
    /usr/lib/ruby/gems/1.8/gems/mongrel-1.0.1/bin/mongrel_rails:242
    /usr/lib/ruby/gems/1.8/gems/activesupport-2.1.0/lib/active_support/dependencies.rb:502:in `load'
    /usr/lib/ruby/gems/1.8/gems/activesupport-2.1.0/lib/active_support/dependencies.rb:502:in `load'
    /usr/lib/ruby/gems/1.8/gems/activesupport-2.1.0/lib/active_support/dependencies.rb:354:in `new_constants_in'
    /usr/lib/ruby/gems/1.8/gems/activesupport-2.1.0/lib/active_support/dependencies.rb:502:in `load'
    /usr/lib/ruby/gems/1.8/gems/rails-2.1.0/lib/commands/servers/mongrel.rb:64
    /usr/lib/ruby/site_ruby/1.8/rubygems/custom_require.rb:27:in `gem_original_require'
    /usr/lib/ruby/site_ruby/1.8/rubygems/custom_require.rb:27:in `require'
    /usr/lib/ruby/gems/1.8/gems/activesupport-2.1.0/lib/active_support/dependencies.rb:509:in `require'
    /usr/lib/ruby/gems/1.8/gems/activesupport-2.1.0/lib/active_support/dependencies.rb:354:in `new_constants_in'
    /usr/lib/ruby/gems/1.8/gems/activesupport-2.1.0/lib/active_support/dependencies.rb:509:in `require'
    /usr/lib/ruby/gems/1.8/gems/rails-2.1.0/lib/commands/server.rb:39
    /usr/lib/ruby/site_ruby/1.8/rubygems/custom_require.rb:27:in `gem_original_require'
    /usr/lib/ruby/site_ruby/1.8/rubygems/custom_require.rb:27:in `require'
    script/server:3

Rendering /usr/lib/ruby/gems/1.8/gems/actionpack-2.1.0/lib/action_controller/templates/rescues/layout.erb (internal_server_error)


Processing SystemController#time (for 127.0.0.1 at 2008-07-01 12:11:21) [GET]
  Session ID: BAh7BiIKZmxhc2hJQzonQWN0aW9uQ29udHJvbGxlcjo6Rmxhc2g6OkZsYXNo
SGFzaHsABjoKQHVzZWR7AA==--5e0513e79ee17a01f5cb3da0280ac54288daf83a
  Parameters: {"action"=>"time", "controller"=>"system"}
Completed in 0.00923 (108 reqs/sec) | Rendering: 0.00259 (28%) | DB: 0.00000 (0%) | 200 OK [http://localhost/system/time]


Processing SystemController#time (for 127.0.0.1 at 2008-07-01 12:12:52) [GET]
  Session ID: BAh7BiIKZmxhc2hJQzonQWN0aW9uQ29udHJvbGxlcjo6Rmxhc2g6OkZsYXNo
SGFzaHsABjoKQHVzZWR7AA==--5e0513e79ee17a01f5cb3da0280ac54288daf83a
  Parameters: {"action"=>"time", "controller"=>"system"}
  [4;36;1mSystemTime Load (0.001278)[0m   [0;1mSELECT * FROM "system_times" WHERE ("system_times"."id" = 1) [0m
Completed in 0.24802 (4 reqs/sec) | Rendering: 0.00040 (0%) | DB: 0.00128 (0%) | 200 OK [http://localhost/system/time]


Processing ApplicationController#time (for 127.0.0.1 at 2008-07-01 14:37:48) [GET]
  Session ID: BAh7BiIKZmxhc2hJQzonQWN0aW9uQ29udHJvbGxlcjo6Rmxhc2g6OkZsYXNo
SGFzaHsABjoKQHVzZWR7AA==--5e0513e79ee17a01f5cb3da0280ac54288daf83a
  Parameters: {"action"=>"time", "controller"=>"system"}


SyntaxError (/home/ma/rails/rest-service/yast-api/app/controllers/system_controller.rb:11: syntax error, unexpected $end, expecting kEND):
    /usr/lib/ruby/gems/1.8/gems/activesupport-2.1.0/lib/active_support/dependencies.rb:215:in `load_without_new_constant_marking'
    /usr/lib/ruby/gems/1.8/gems/activesupport-2.1.0/lib/active_support/dependencies.rb:215:in `load_file'
    /usr/lib/ruby/gems/1.8/gems/activesupport-2.1.0/lib/active_support/dependencies.rb:354:in `new_constants_in'
    /usr/lib/ruby/gems/1.8/gems/activesupport-2.1.0/lib/active_support/dependencies.rb:214:in `load_file'
    /usr/lib/ruby/gems/1.8/gems/activesupport-2.1.0/lib/active_support/dependencies.rb:95:in `require_or_load'
    /usr/lib/ruby/gems/1.8/gems/activesupport-2.1.0/lib/active_support/dependencies.rb:260:in `load_missing_constant'
    /usr/lib/ruby/gems/1.8/gems/activesupport-2.1.0/lib/active_support/dependencies.rb:467:in `const_missing'
    /usr/lib/ruby/gems/1.8/gems/activesupport-2.1.0/lib/active_support/dependencies.rb:479:in `const_missing'
    /usr/lib/ruby/gems/1.8/gems/activesupport-2.1.0/lib/active_support/inflector.rb:283:in `constantize'
    /usr/lib/ruby/gems/1.8/gems/activesupport-2.1.0/lib/active_support/core_ext/string/inflections.rb:143:in `constantize'
    /usr/lib/ruby/gems/1.8/gems/actionpack-2.1.0/lib/action_controller/routing/route_set.rb:386:in `recognize'
    /usr/lib/ruby/gems/1.8/gems/actionpack-2.1.0/lib/action_controller/dispatcher.rb:148:in `handle_request'
    /usr/lib/ruby/gems/1.8/gems/actionpack-2.1.0/lib/action_controller/dispatcher.rb:107:in `dispatch'
    /usr/lib/ruby/gems/1.8/gems/actionpack-2.1.0/lib/action_controller/dispatcher.rb:104:in `synchronize'
    /usr/lib/ruby/gems/1.8/gems/actionpack-2.1.0/lib/action_controller/dispatcher.rb:104:in `dispatch'
    /usr/lib/ruby/gems/1.8/gems/actionpack-2.1.0/lib/action_controller/dispatcher.rb:120:in `dispatch_cgi'
    /usr/lib/ruby/gems/1.8/gems/actionpack-2.1.0/lib/action_controller/dispatcher.rb:35:in `dispatch'
    /usr/lib/ruby/gems/1.8/gems/mongrel-1.0.1/lib/mongrel/rails.rb:78:in `process'
    /usr/lib/ruby/gems/1.8/gems/mongrel-1.0.1/lib/mongrel/rails.rb:76:in `synchronize'
    /usr/lib/ruby/gems/1.8/gems/mongrel-1.0.1/lib/mongrel/rails.rb:76:in `process'
    /usr/lib/ruby/gems/1.8/gems/mongrel-1.0.1/lib/mongrel.rb:616:in `process_client'
    /usr/lib/ruby/gems/1.8/gems/mongrel-1.0.1/lib/mongrel.rb:615:in `each'
    /usr/lib/ruby/gems/1.8/gems/mongrel-1.0.1/lib/mongrel.rb:615:in `process_client'
    /usr/lib/ruby/gems/1.8/gems/mongrel-1.0.1/lib/mongrel.rb:734:in `run'
    /usr/lib/ruby/gems/1.8/gems/mongrel-1.0.1/lib/mongrel.rb:734:in `initialize'
    /usr/lib/ruby/gems/1.8/gems/mongrel-1.0.1/lib/mongrel.rb:734:in `new'
    /usr/lib/ruby/gems/1.8/gems/mongrel-1.0.1/lib/mongrel.rb:734:in `run'
    /usr/lib/ruby/gems/1.8/gems/mongrel-1.0.1/lib/mongrel.rb:718:in `initialize'
    /usr/lib/ruby/gems/1.8/gems/mongrel-1.0.1/lib/mongrel.rb:718:in `new'
    /usr/lib/ruby/gems/1.8/gems/mongrel-1.0.1/lib/mongrel.rb:718:in `run'
    /usr/lib/ruby/gems/1.8/gems/mongrel-1.0.1/lib/mongrel/configurator.rb:271:in `run'
    /usr/lib/ruby/gems/1.8/gems/mongrel-1.0.1/lib/mongrel/configurator.rb:270:in `each'
    /usr/lib/ruby/gems/1.8/gems/mongrel-1.0.1/lib/mongrel/configurator.rb:270:in `run'
    /usr/lib/ruby/gems/1.8/gems/mongrel-1.0.1/bin/mongrel_rails:126:in `run'
    /usr/lib/ruby/gems/1.8/gems/mongrel-1.0.1/lib/mongrel/command.rb:211:in `run'
    /usr/lib/ruby/gems/1.8/gems/mongrel-1.0.1/bin/mongrel_rails:242
    /usr/lib/ruby/gems/1.8/gems/activesupport-2.1.0/lib/active_support/dependencies.rb:502:in `load'
    /usr/lib/ruby/gems/1.8/gems/activesupport-2.1.0/lib/active_support/dependencies.rb:502:in `load'
    /usr/lib/ruby/gems/1.8/gems/activesupport-2.1.0/lib/active_support/dependencies.rb:354:in `new_constants_in'
    /usr/lib/ruby/gems/1.8/gems/activesupport-2.1.0/lib/active_support/dependencies.rb:502:in `load'
    /usr/lib/ruby/gems/1.8/gems/rails-2.1.0/lib/commands/servers/mongrel.rb:64
    /usr/lib/ruby/site_ruby/1.8/rubygems/custom_require.rb:27:in `gem_original_require'
    /usr/lib/ruby/site_ruby/1.8/rubygems/custom_require.rb:27:in `require'
    /usr/lib/ruby/gems/1.8/gems/activesupport-2.1.0/lib/active_support/dependencies.rb:509:in `require'
    /usr/lib/ruby/gems/1.8/gems/activesupport-2.1.0/lib/active_support/dependencies.rb:354:in `new_constants_in'
    /usr/lib/ruby/gems/1.8/gems/activesupport-2.1.0/lib/active_support/dependencies.rb:509:in `require'
    /usr/lib/ruby/gems/1.8/gems/rails-2.1.0/lib/commands/server.rb:39
    /usr/lib/ruby/site_ruby/1.8/rubygems/custom_require.rb:27:in `gem_original_require'
    /usr/lib/ruby/site_ruby/1.8/rubygems/custom_require.rb:27:in `require'
    script/server:3

Rendering /usr/lib/ruby/gems/1.8/gems/actionpack-2.1.0/lib/action_controller/templates/rescues/layout.erb (internal_server_error)


Processing SystemController#time (for 127.0.0.1 at 2008-07-01 14:38:17) [GET]
  Session ID: BAh7BiIKZmxhc2hJQzonQWN0aW9uQ29udHJvbGxlcjo6Rmxhc2g6OkZsYXNo
SGFzaHsABjoKQHVzZWR7AA==--5e0513e79ee17a01f5cb3da0280ac54288daf83a
  Parameters: {"action"=>"time", "controller"=>"system"}
  [4;35;1mSystemTime Load (0.001060)[0m   [0mSELECT * FROM "system_times" WHERE ("system_times"."id" = 1) [0m
Completed in 0.03792 (26 reqs/sec) | Rendering: 0.00026 (0%) | DB: 0.00106 (2%) | 200 OK [http://localhost/system/time]


Processing ApplicationController#index (for 127.0.0.1 at 2008-07-01 14:38:41) [GET]
  Session ID: BAh7BiIKZmxhc2hJQzonQWN0aW9uQ29udHJvbGxlcjo6Rmxhc2g6OkZsYXNo
SGFzaHsABjoKQHVzZWR7AA==--5e0513e79ee17a01f5cb3da0280ac54288daf83a
  Parameters: {}


ActionController::RoutingError (No route matches "/system/time.json" with {:method=>:get}):
    /usr/lib/ruby/gems/1.8/gems/actionpack-2.1.0/lib/action_controller/routing/recognition_optimisation.rb:67:in `recognize_path'
    /usr/lib/ruby/gems/1.8/gems/actionpack-2.1.0/lib/action_controller/routing/route_set.rb:384:in `recognize'
    /usr/lib/ruby/gems/1.8/gems/actionpack-2.1.0/lib/action_controller/dispatcher.rb:148:in `handle_request'
    /usr/lib/ruby/gems/1.8/gems/actionpack-2.1.0/lib/action_controller/dispatcher.rb:107:in `dispatch'
    /usr/lib/ruby/gems/1.8/gems/actionpack-2.1.0/lib/action_controller/dispatcher.rb:104:in `synchronize'
    /usr/lib/ruby/gems/1.8/gems/actionpack-2.1.0/lib/action_controller/dispatcher.rb:104:in `dispatch'
    /usr/lib/ruby/gems/1.8/gems/actionpack-2.1.0/lib/action_controller/dispatcher.rb:120:in `dispatch_cgi'
    /usr/lib/ruby/gems/1.8/gems/actionpack-2.1.0/lib/action_controller/dispatcher.rb:35:in `dispatch'
    /usr/lib/ruby/gems/1.8/gems/mongrel-1.0.1/lib/mongrel/rails.rb:78:in `process'
    /usr/lib/ruby/gems/1.8/gems/mongrel-1.0.1/lib/mongrel/rails.rb:76:in `synchronize'
    /usr/lib/ruby/gems/1.8/gems/mongrel-1.0.1/lib/mongrel/rails.rb:76:in `process'
    /usr/lib/ruby/gems/1.8/gems/mongrel-1.0.1/lib/mongrel.rb:616:in `process_client'
    /usr/lib/ruby/gems/1.8/gems/mongrel-1.0.1/lib/mongrel.rb:615:in `each'
    /usr/lib/ruby/gems/1.8/gems/mongrel-1.0.1/lib/mongrel.rb:615:in `process_client'
    /usr/lib/ruby/gems/1.8/gems/mongrel-1.0.1/lib/mongrel.rb:734:in `run'
    /usr/lib/ruby/gems/1.8/gems/mongrel-1.0.1/lib/mongrel.rb:734:in `initialize'
    /usr/lib/ruby/gems/1.8/gems/mongrel-1.0.1/lib/mongrel.rb:734:in `new'
    /usr/lib/ruby/gems/1.8/gems/mongrel-1.0.1/lib/mongrel.rb:734:in `run'
    /usr/lib/ruby/gems/1.8/gems/mongrel-1.0.1/lib/mongrel.rb:718:in `initialize'
    /usr/lib/ruby/gems/1.8/gems/mongrel-1.0.1/lib/mongrel.rb:718:in `new'
    /usr/lib/ruby/gems/1.8/gems/mongrel-1.0.1/lib/mongrel.rb:718:in `run'
    /usr/lib/ruby/gems/1.8/gems/mongrel-1.0.1/lib/mongrel/configurator.rb:271:in `run'
    /usr/lib/ruby/gems/1.8/gems/mongrel-1.0.1/lib/mongrel/configurator.rb:270:in `each'
    /usr/lib/ruby/gems/1.8/gems/mongrel-1.0.1/lib/mongrel/configurator.rb:270:in `run'
    /usr/lib/ruby/gems/1.8/gems/mongrel-1.0.1/bin/mongrel_rails:126:in `run'
    /usr/lib/ruby/gems/1.8/gems/mongrel-1.0.1/lib/mongrel/command.rb:211:in `run'
    /usr/lib/ruby/gems/1.8/gems/mongrel-1.0.1/bin/mongrel_rails:242
    /usr/lib/ruby/gems/1.8/gems/activesupport-2.1.0/lib/active_support/dependencies.rb:502:in `load'
    /usr/lib/ruby/gems/1.8/gems/activesupport-2.1.0/lib/active_support/dependencies.rb:502:in `load'
    /usr/lib/ruby/gems/1.8/gems/activesupport-2.1.0/lib/active_support/dependencies.rb:354:in `new_constants_in'
    /usr/lib/ruby/gems/1.8/gems/activesupport-2.1.0/lib/active_support/dependencies.rb:502:in `load'
    /usr/lib/ruby/gems/1.8/gems/rails-2.1.0/lib/commands/servers/mongrel.rb:64
    /usr/lib/ruby/site_ruby/1.8/rubygems/custom_require.rb:27:in `gem_original_require'
    /usr/lib/ruby/site_ruby/1.8/rubygems/custom_require.rb:27:in `require'
    /usr/lib/ruby/gems/1.8/gems/activesupport-2.1.0/lib/active_support/dependencies.rb:509:in `require'
    /usr/lib/ruby/gems/1.8/gems/activesupport-2.1.0/lib/active_support/dependencies.rb:354:in `new_constants_in'
    /usr/lib/ruby/gems/1.8/gems/activesupport-2.1.0/lib/active_support/dependencies.rb:509:in `require'
    /usr/lib/ruby/gems/1.8/gems/rails-2.1.0/lib/commands/server.rb:39
    /usr/lib/ruby/site_ruby/1.8/rubygems/custom_require.rb:27:in `gem_original_require'
    /usr/lib/ruby/site_ruby/1.8/rubygems/custom_require.rb:27:in `require'
    script/server:3

Rendering /usr/lib/ruby/gems/1.8/gems/actionpack-2.1.0/lib/action_controller/templates/rescues/layout.erb (not_found)


Processing SystemController#time (for 127.0.0.1 at 2008-07-01 14:39:34) [GET]
  Session ID: 9fa5fde99ac1a16564d5dba13b62768e
  Parameters: {"action"=>"time", "controller"=>"system"}
  [4;36;1mSystemTime Load (0.000984)[0m   [0;1mSELECT * FROM "system_times" WHERE ("system_times"."id" = 1) [0m
Completed in 0.02966 (33 reqs/sec) | Rendering: 0.00025 (0%) | DB: 0.00098 (3%) | 200 OK [http://localhost/system/time]


Processing SystemController#time (for 127.0.0.1 at 2008-07-01 14:39:58) [GET]
  Session ID: 08a8978e5ff2dae9dea5a7fa4f937c87
  Parameters: {"action"=>"time", "controller"=>"system"}
  [4;35;1mSystemTime Load (0.000984)[0m   [0mSELECT * FROM "system_times" WHERE ("system_times"."id" = 1) [0m
Completed in 0.03001 (33 reqs/sec) | Rendering: 0.00025 (0%) | DB: 0.00098 (3%) | 200 OK [http://localhost/system/time]


Processing SystemController#time (for 127.0.0.1 at 2008-07-01 14:40:19) [GET]
  Session ID: 420233fc897627ed604f4757ae8ada68
  Parameters: {"action"=>"time", "controller"=>"system"}
  [4;36;1mSystemTime Load (0.000991)[0m   [0;1mSELECT * FROM "system_times" WHERE ("system_times"."id" = 1) [0m
Completed in 0.03025 (33 reqs/sec) | Rendering: 0.00025 (0%) | DB: 0.00099 (3%) | 200 OK [http://localhost/system/time]


Processing SystemController#time (for 127.0.0.1 at 2008-07-01 14:40:33) [GET]
  Session ID: 2c721eb8a27069cedb792952872c0a31
  Parameters: {"action"=>"time", "controller"=>"system"}
  [4;35;1mSystemTime Load (0.000981)[0m   [0mSELECT * FROM "system_times" WHERE ("system_times"."id" = 1) [0m
Completed in 0.02791 (35 reqs/sec) | Rendering: 0.00026 (0%) | DB: 0.00098 (3%) | 200 OK [http://localhost/system/time]


Processing SystemController#time (for 127.0.0.1 at 2008-07-01 14:44:42) [GET]
  Session ID: BAh7BiIKZmxhc2hJQzonQWN0aW9uQ29udHJvbGxlcjo6Rmxhc2g6OkZsYXNo
SGFzaHsABjoKQHVzZWR7AA==--5e0513e79ee17a01f5cb3da0280ac54288daf83a
  Parameters: {"format"=>"json", "action"=>"time", "controller"=>"system"}
  [4;36;1mSystemTime Load (0.000976)[0m   [0;1mSELECT * FROM "system_times" WHERE ("system_times"."id" = 1) [0m
Completed in 0.03535 (28 reqs/sec) | Rendering: 0.00027 (0%) | DB: 0.00098 (2%) | 200 OK [http://localhost/system/time.json]


Processing SystemController#time (for 127.0.0.1 at 2008-07-01 14:53:44) [GET]
  Session ID: BAh7BiIKZmxhc2hJQzonQWN0aW9uQ29udHJvbGxlcjo6Rmxhc2g6OkZsYXNo
SGFzaHsABjoKQHVzZWR7AA==--5e0513e79ee17a01f5cb3da0280ac54288daf83a
  Parameters: {"format"=>"json", "action"=>"time", "controller"=>"system"}
  [4;35;1mSystemTime Load (0.000976)[0m   [0mSELECT * FROM "system_times" WHERE ("system_times"."id" = 1) [0m
Completed in 0.05016 (19 reqs/sec) | Rendering: 0.00028 (0%) | DB: 0.00098 (1%) | 200 OK [http://localhost/system/time.json]


Processing SystemController#time (for 127.0.0.1 at 2008-07-01 14:53:57) [GET]
  Session ID: BAh7BiIKZmxhc2hJQzonQWN0aW9uQ29udHJvbGxlcjo6Rmxhc2g6OkZsYXNo
SGFzaHsABjoKQHVzZWR7AA==--5e0513e79ee17a01f5cb3da0280ac54288daf83a
  Parameters: {"format"=>"json", "action"=>"time", "controller"=>"system"}
  [4;36;1mSystemTime Load (0.001185)[0m   [0;1mSELECT * FROM "system_times" WHERE ("system_times"."id" = 1) [0m
Completed in 0.04477 (22 reqs/sec) | Rendering: 0.00028 (0%) | DB: 0.00119 (2%) | 200 OK [http://localhost/system/time.json]


Processing SystemController#time (for 127.0.0.1 at 2008-07-01 14:54:07) [GET]
  Session ID: BAh7BiIKZmxhc2hJQzonQWN0aW9uQ29udHJvbGxlcjo6Rmxhc2g6OkZsYXNo
SGFzaHsABjoKQHVzZWR7AA==--5e0513e79ee17a01f5cb3da0280ac54288daf83a
  Parameters: {"action"=>"time", "id"=>"systemtime", "controller"=>"system"}
  [4;35;1mSystemTime Load (0.000978)[0m   [0mSELECT * FROM "system_times" WHERE ("system_times"."id" = 1) [0m


NoMethodError (undefined method `systemtime' for #<SystemTime:0xb5faa130>):
    /usr/lib/ruby/gems/1.8/gems/activerecord-2.1.0/lib/active_record/attribute_methods.rb:256:in `method_missing'
    /app/controllers/system_controller.rb:4:in `send'
    /app/controllers/system_controller.rb:4:in `time'
    /usr/lib/ruby/gems/1.8/gems/actionpack-2.1.0/lib/action_controller/base.rb:1162:in `send'
    /usr/lib/ruby/gems/1.8/gems/actionpack-2.1.0/lib/action_controller/base.rb:1162:in `perform_action_without_filters'
    /usr/lib/ruby/gems/1.8/gems/actionpack-2.1.0/lib/action_controller/filters.rb:580:in `call_filters'
    /usr/lib/ruby/gems/1.8/gems/actionpack-2.1.0/lib/action_controller/filters.rb:573:in `perform_action_without_benchmark'
    /usr/lib/ruby/gems/1.8/gems/actionpack-2.1.0/lib/action_controller/benchmarking.rb:68:in `perform_action_without_rescue'
    /usr/lib/ruby/1.8/benchmark.rb:293:in `measure'
    /usr/lib/ruby/gems/1.8/gems/actionpack-2.1.0/lib/action_controller/benchmarking.rb:68:in `perform_action_without_rescue'
    /usr/lib/ruby/gems/1.8/gems/actionpack-2.1.0/lib/action_controller/rescue.rb:201:in `perform_action_without_caching'
    /usr/lib/ruby/gems/1.8/gems/actionpack-2.1.0/lib/action_controller/caching/sql_cache.rb:13:in `perform_action'
    /usr/lib/ruby/gems/1.8/gems/activerecord-2.1.0/lib/active_record/connection_adapters/abstract/query_cache.rb:33:in `cache'
    /usr/lib/ruby/gems/1.8/gems/activerecord-2.1.0/lib/active_record/query_cache.rb:8:in `cache'
    /usr/lib/ruby/gems/1.8/gems/actionpack-2.1.0/lib/action_controller/caching/sql_cache.rb:12:in `perform_action'
    /usr/lib/ruby/gems/1.8/gems/actionpack-2.1.0/lib/action_controller/base.rb:529:in `send'
    /usr/lib/ruby/gems/1.8/gems/actionpack-2.1.0/lib/action_controller/base.rb:529:in `process_without_filters'
    /usr/lib/ruby/gems/1.8/gems/actionpack-2.1.0/lib/action_controller/filters.rb:569:in `process_without_session_management_support'
    /usr/lib/ruby/gems/1.8/gems/actionpack-2.1.0/lib/action_controller/session_management.rb:130:in `process'
    /usr/lib/ruby/gems/1.8/gems/actionpack-2.1.0/lib/action_controller/base.rb:389:in `process'
    /usr/lib/ruby/gems/1.8/gems/actionpack-2.1.0/lib/action_controller/dispatcher.rb:149:in `handle_request'
    /usr/lib/ruby/gems/1.8/gems/actionpack-2.1.0/lib/action_controller/dispatcher.rb:107:in `dispatch'
    /usr/lib/ruby/gems/1.8/gems/actionpack-2.1.0/lib/action_controller/dispatcher.rb:104:in `synchronize'
    /usr/lib/ruby/gems/1.8/gems/actionpack-2.1.0/lib/action_controller/dispatcher.rb:104:in `dispatch'
    /usr/lib/ruby/gems/1.8/gems/actionpack-2.1.0/lib/action_controller/dispatcher.rb:120:in `dispatch_cgi'
    /usr/lib/ruby/gems/1.8/gems/actionpack-2.1.0/lib/action_controller/dispatcher.rb:35:in `dispatch'
    /usr/lib/ruby/gems/1.8/gems/mongrel-1.0.1/lib/mongrel/rails.rb:78:in `process'
    /usr/lib/ruby/gems/1.8/gems/mongrel-1.0.1/lib/mongrel/rails.rb:76:in `synchronize'
    /usr/lib/ruby/gems/1.8/gems/mongrel-1.0.1/lib/mongrel/rails.rb:76:in `process'
    /usr/lib/ruby/gems/1.8/gems/mongrel-1.0.1/lib/mongrel.rb:616:in `process_client'
    /usr/lib/ruby/gems/1.8/gems/mongrel-1.0.1/lib/mongrel.rb:615:in `each'
    /usr/lib/ruby/gems/1.8/gems/mongrel-1.0.1/lib/mongrel.rb:615:in `process_client'
    /usr/lib/ruby/gems/1.8/gems/mongrel-1.0.1/lib/mongrel.rb:734:in `run'
    /usr/lib/ruby/gems/1.8/gems/mongrel-1.0.1/lib/mongrel.rb:734:in `initialize'
    /usr/lib/ruby/gems/1.8/gems/mongrel-1.0.1/lib/mongrel.rb:734:in `new'
    /usr/lib/ruby/gems/1.8/gems/mongrel-1.0.1/lib/mongrel.rb:734:in `run'
    /usr/lib/ruby/gems/1.8/gems/mongrel-1.0.1/lib/mongrel.rb:718:in `initialize'
    /usr/lib/ruby/gems/1.8/gems/mongrel-1.0.1/lib/mongrel.rb:718:in `new'
    /usr/lib/ruby/gems/1.8/gems/mongrel-1.0.1/lib/mongrel.rb:718:in `run'
    /usr/lib/ruby/gems/1.8/gems/mongrel-1.0.1/lib/mongrel/configurator.rb:271:in `run'
    /usr/lib/ruby/gems/1.8/gems/mongrel-1.0.1/lib/mongrel/configurator.rb:270:in `each'
    /usr/lib/ruby/gems/1.8/gems/mongrel-1.0.1/lib/mongrel/configurator.rb:270:in `run'
    /usr/lib/ruby/gems/1.8/gems/mongrel-1.0.1/bin/mongrel_rails:126:in `run'
    /usr/lib/ruby/gems/1.8/gems/mongrel-1.0.1/lib/mongrel/command.rb:211:in `run'
    /usr/lib/ruby/gems/1.8/gems/mongrel-1.0.1/bin/mongrel_rails:242
    /usr/lib/ruby/gems/1.8/gems/activesupport-2.1.0/lib/active_support/dependencies.rb:502:in `load'
    /usr/lib/ruby/gems/1.8/gems/activesupport-2.1.0/lib/active_support/dependencies.rb:502:in `load'
    /usr/lib/ruby/gems/1.8/gems/activesupport-2.1.0/lib/active_support/dependencies.rb:354:in `new_constants_in'
    /usr/lib/ruby/gems/1.8/gems/activesupport-2.1.0/lib/active_support/dependencies.rb:502:in `load'
    /usr/lib/ruby/gems/1.8/gems/rails-2.1.0/lib/commands/servers/mongrel.rb:64
    /usr/lib/ruby/site_ruby/1.8/rubygems/custom_require.rb:27:in `gem_original_require'
    /usr/lib/ruby/site_ruby/1.8/rubygems/custom_require.rb:27:in `require'
    /usr/lib/ruby/gems/1.8/gems/activesupport-2.1.0/lib/active_support/dependencies.rb:509:in `require'
    /usr/lib/ruby/gems/1.8/gems/activesupport-2.1.0/lib/active_support/dependencies.rb:354:in `new_constants_in'
    /usr/lib/ruby/gems/1.8/gems/activesupport-2.1.0/lib/active_support/dependencies.rb:509:in `require'
    /usr/lib/ruby/gems/1.8/gems/rails-2.1.0/lib/commands/server.rb:39
    /usr/lib/ruby/site_ruby/1.8/rubygems/custom_require.rb:27:in `gem_original_require'
    /usr/lib/ruby/site_ruby/1.8/rubygems/custom_require.rb:27:in `require'
    script/server:3

Rendering /usr/lib/ruby/gems/1.8/gems/actionpack-2.1.0/lib/action_controller/templates/rescues/layout.erb (internal_server_error)


Processing SystemController#time (for 127.0.0.1 at 2008-07-01 14:55:07) [GET]
  Session ID: BAh7BiIKZmxhc2hJQzonQWN0aW9uQ29udHJvbGxlcjo6Rmxhc2g6OkZsYXNo
SGFzaHsABjoKQHVzZWR7AA==--5e0513e79ee17a01f5cb3da0280ac54288daf83a
  Parameters: {"action"=>"time", "id"=>"system_time", "controller"=>"system"}
  [4;36;1mSystemTime Load (0.000476)[0m   [0;1mSELECT * FROM "system_times" WHERE ("system_times"."id" = 1) [0m
Completed in 0.01235 (80 reqs/sec) | Rendering: 0.00043 (3%) | DB: 0.00048 (3%) | 200 OK [http://localhost/system/time/system_time]


Processing SystemController#time (for 127.0.0.1 at 2008-07-01 14:55:25) [GET]
  Session ID: BAh7BiIKZmxhc2hJQzonQWN0aW9uQ29udHJvbGxlcjo6Rmxhc2g6OkZsYXNo
SGFzaHsABjoKQHVzZWR7AA==--5e0513e79ee17a01f5cb3da0280ac54288daf83a
  Parameters: {"action"=>"time", "id"=>"system_time", "controller"=>"system"}
  [4;35;1mSystemTime Load (0.000983)[0m   [0mSELECT * FROM "system_times" WHERE ("system_times"."id" = 1) [0m
Completed in 0.02716 (36 reqs/sec) | Rendering: 0.00083 (3%) | DB: 0.00098 (3%) | 200 OK [http://localhost/system/time/system_time]


Processing SystemController#time (for 127.0.0.1 at 2008-07-01 14:55:28) [GET]
  Session ID: BAh7BiIKZmxhc2hJQzonQWN0aW9uQ29udHJvbGxlcjo6Rmxhc2g6OkZsYXNo
SGFzaHsABjoKQHVzZWR7AA==--5e0513e79ee17a01f5cb3da0280ac54288daf83a
  Parameters: {"action"=>"time", "id"=>"system_time", "controller"=>"system"}
  [4;36;1mSystemTime Load (0.000980)[0m   [0;1mSELECT * FROM "system_times" WHERE ("system_times"."id" = 1) [0m
Completed in 0.03366 (29 reqs/sec) | Rendering: 0.00083 (2%) | DB: 0.00098 (2%) | 200 OK [http://localhost/system/time/system_time]


Processing SystemController#time (for 127.0.0.1 at 2008-07-01 14:55:30) [GET]
  Session ID: BAh7BiIKZmxhc2hJQzonQWN0aW9uQ29udHJvbGxlcjo6Rmxhc2g6OkZsYXNo
SGFzaHsABjoKQHVzZWR7AA==--5e0513e79ee17a01f5cb3da0280ac54288daf83a
  Parameters: {"action"=>"time", "id"=>"system_time", "controller"=>"system"}
  [4;35;1mSystemTime Load (0.001103)[0m   [0mSELECT * FROM "system_times" WHERE ("system_times"."id" = 1) [0m
Completed in 0.03464 (28 reqs/sec) | Rendering: 0.00084 (2%) | DB: 0.00110 (3%) | 200 OK [http://localhost/system/time/system_time]


Processing SystemController#time (for 127.0.0.1 at 2008-07-01 14:55:31) [GET]
  Session ID: BAh7BiIKZmxhc2hJQzonQWN0aW9uQ29udHJvbGxlcjo6Rmxhc2g6OkZsYXNo
SGFzaHsABjoKQHVzZWR7AA==--5e0513e79ee17a01f5cb3da0280ac54288daf83a
  Parameters: {"action"=>"time", "id"=>"system_time", "controller"=>"system"}
  [4;36;1mSystemTime Load (0.000975)[0m   [0;1mSELECT * FROM "system_times" WHERE ("system_times"."id" = 1) [0m
Completed in 0.03986 (25 reqs/sec) | Rendering: 0.00087 (2%) | DB: 0.00098 (2%) | 200 OK [http://localhost/system/time/system_time]


Processing SystemController#time (for 192.168.1.52 at 2008-07-01 15:11:33) [GET]
  Session ID: eb4b5288d21610077a5becd815b79d95
  Parameters: {"action"=>"time", "id"=>"system_time", "controller"=>"system"}
  [4;35;1mSystemTime Load (0.001013)[0m   [0mSELECT * FROM "system_times" WHERE ("system_times"."id" = 1) [0m
Completed in 0.02524 (39 reqs/sec) | Rendering: 0.00080 (3%) | DB: 0.00101 (4%) | 200 OK [http://192.168.1.84/system/time/system_time]


Processing SystemController#time (for 127.0.0.1 at 2008-07-01 15:18:53) [PUT]
  Session ID: b3dd2f147a9049985a6c8a5b183386f4
  Parameters: {"action"=>"time", "controller"=>"system"}


ActionController::InvalidAuthenticityToken (ActionController::InvalidAuthenticityToken):
    /usr/lib/ruby/gems/1.8/gems/actionpack-2.1.0/lib/action_controller/request_forgery_protection.rb:86:in `verify_authenticity_token'
    /usr/lib/ruby/gems/1.8/gems/activesupport-2.1.0/lib/active_support/callbacks.rb:173:in `send'
    /usr/lib/ruby/gems/1.8/gems/activesupport-2.1.0/lib/active_support/callbacks.rb:173:in `evaluate_method'
    /usr/lib/ruby/gems/1.8/gems/activesupport-2.1.0/lib/active_support/callbacks.rb:161:in `call'
    /usr/lib/ruby/gems/1.8/gems/actionpack-2.1.0/lib/action_controller/filters.rb:430:in `call'
    /usr/lib/ruby/gems/1.8/gems/actionpack-2.1.0/lib/action_controller/filters.rb:592:in `run_before_filters'
    /usr/lib/ruby/gems/1.8/gems/actionpack-2.1.0/lib/action_controller/filters.rb:578:in `call_filters'
    /usr/lib/ruby/gems/1.8/gems/actionpack-2.1.0/lib/action_controller/filters.rb:573:in `perform_action_without_benchmark'
    /usr/lib/ruby/gems/1.8/gems/actionpack-2.1.0/lib/action_controller/benchmarking.rb:68:in `perform_action_without_rescue'
    /usr/lib/ruby/1.8/benchmark.rb:293:in `measure'
    /usr/lib/ruby/gems/1.8/gems/actionpack-2.1.0/lib/action_controller/benchmarking.rb:68:in `perform_action_without_rescue'
    /usr/lib/ruby/gems/1.8/gems/actionpack-2.1.0/lib/action_controller/rescue.rb:201:in `perform_action_without_caching'
    /usr/lib/ruby/gems/1.8/gems/actionpack-2.1.0/lib/action_controller/caching/sql_cache.rb:13:in `perform_action'
    /usr/lib/ruby/gems/1.8/gems/activerecord-2.1.0/lib/active_record/connection_adapters/abstract/query_cache.rb:33:in `cache'
    /usr/lib/ruby/gems/1.8/gems/activerecord-2.1.0/lib/active_record/query_cache.rb:8:in `cache'
    /usr/lib/ruby/gems/1.8/gems/actionpack-2.1.0/lib/action_controller/caching/sql_cache.rb:12:in `perform_action'
    /usr/lib/ruby/gems/1.8/gems/actionpack-2.1.0/lib/action_controller/base.rb:529:in `send'
    /usr/lib/ruby/gems/1.8/gems/actionpack-2.1.0/lib/action_controller/base.rb:529:in `process_without_filters'
    /usr/lib/ruby/gems/1.8/gems/actionpack-2.1.0/lib/action_controller/filters.rb:569:in `process_without_session_management_support'
    /usr/lib/ruby/gems/1.8/gems/actionpack-2.1.0/lib/action_controller/session_management.rb:130:in `process'
    /usr/lib/ruby/gems/1.8/gems/actionpack-2.1.0/lib/action_controller/base.rb:389:in `process'
    /usr/lib/ruby/gems/1.8/gems/actionpack-2.1.0/lib/action_controller/dispatcher.rb:149:in `handle_request'
    /usr/lib/ruby/gems/1.8/gems/actionpack-2.1.0/lib/action_controller/dispatcher.rb:107:in `dispatch'
    /usr/lib/ruby/gems/1.8/gems/actionpack-2.1.0/lib/action_controller/dispatcher.rb:104:in `synchronize'
    /usr/lib/ruby/gems/1.8/gems/actionpack-2.1.0/lib/action_controller/dispatcher.rb:104:in `dispatch'
    /usr/lib/ruby/gems/1.8/gems/actionpack-2.1.0/lib/action_controller/dispatcher.rb:120:in `dispatch_cgi'
    /usr/lib/ruby/gems/1.8/gems/actionpack-2.1.0/lib/action_controller/dispatcher.rb:35:in `dispatch'
    /usr/lib/ruby/gems/1.8/gems/mongrel-1.0.1/lib/mongrel/rails.rb:78:in `process'
    /usr/lib/ruby/gems/1.8/gems/mongrel-1.0.1/lib/mongrel/rails.rb:76:in `synchronize'
    /usr/lib/ruby/gems/1.8/gems/mongrel-1.0.1/lib/mongrel/rails.rb:76:in `process'
    /usr/lib/ruby/gems/1.8/gems/mongrel-1.0.1/lib/mongrel.rb:616:in `process_client'
    /usr/lib/ruby/gems/1.8/gems/mongrel-1.0.1/lib/mongrel.rb:615:in `each'
    /usr/lib/ruby/gems/1.8/gems/mongrel-1.0.1/lib/mongrel.rb:615:in `process_client'
    /usr/lib/ruby/gems/1.8/gems/mongrel-1.0.1/lib/mongrel.rb:734:in `run'
    /usr/lib/ruby/gems/1.8/gems/mongrel-1.0.1/lib/mongrel.rb:734:in `initialize'
    /usr/lib/ruby/gems/1.8/gems/mongrel-1.0.1/lib/mongrel.rb:734:in `new'
    /usr/lib/ruby/gems/1.8/gems/mongrel-1.0.1/lib/mongrel.rb:734:in `run'
    /usr/lib/ruby/gems/1.8/gems/mongrel-1.0.1/lib/mongrel.rb:718:in `initialize'
    /usr/lib/ruby/gems/1.8/gems/mongrel-1.0.1/lib/mongrel.rb:718:in `new'
    /usr/lib/ruby/gems/1.8/gems/mongrel-1.0.1/lib/mongrel.rb:718:in `run'
    /usr/lib/ruby/gems/1.8/gems/mongrel-1.0.1/lib/mongrel/configurator.rb:271:in `run'
    /usr/lib/ruby/gems/1.8/gems/mongrel-1.0.1/lib/mongrel/configurator.rb:270:in `each'
    /usr/lib/ruby/gems/1.8/gems/mongrel-1.0.1/lib/mongrel/configurator.rb:270:in `run'
    /usr/lib/ruby/gems/1.8/gems/mongrel-1.0.1/bin/mongrel_rails:126:in `run'
    /usr/lib/ruby/gems/1.8/gems/mongrel-1.0.1/lib/mongrel/command.rb:211:in `run'
    /usr/lib/ruby/gems/1.8/gems/mongrel-1.0.1/bin/mongrel_rails:242
    /usr/lib/ruby/gems/1.8/gems/activesupport-2.1.0/lib/active_support/dependencies.rb:502:in `load'
    /usr/lib/ruby/gems/1.8/gems/activesupport-2.1.0/lib/active_support/dependencies.rb:502:in `load'
    /usr/lib/ruby/gems/1.8/gems/activesupport-2.1.0/lib/active_support/dependencies.rb:354:in `new_constants_in'
    /usr/lib/ruby/gems/1.8/gems/activesupport-2.1.0/lib/active_support/dependencies.rb:502:in `load'
    /usr/lib/ruby/gems/1.8/gems/rails-2.1.0/lib/commands/servers/mongrel.rb:64
    /usr/lib/ruby/site_ruby/1.8/rubygems/custom_require.rb:27:in `gem_original_require'
    /usr/lib/ruby/site_ruby/1.8/rubygems/custom_require.rb:27:in `require'
    /usr/lib/ruby/gems/1.8/gems/activesupport-2.1.0/lib/active_support/dependencies.rb:509:in `require'
    /usr/lib/ruby/gems/1.8/gems/activesupport-2.1.0/lib/active_support/dependencies.rb:354:in `new_constants_in'
    /usr/lib/ruby/gems/1.8/gems/activesupport-2.1.0/lib/active_support/dependencies.rb:509:in `require'
    /usr/lib/ruby/gems/1.8/gems/rails-2.1.0/lib/commands/server.rb:39
    /usr/lib/ruby/site_ruby/1.8/rubygems/custom_require.rb:27:in `gem_original_require'
    /usr/lib/ruby/site_ruby/1.8/rubygems/custom_require.rb:27:in `require'
    script/server:3

Rendering /usr/lib/ruby/gems/1.8/gems/actionpack-2.1.0/lib/action_controller/templates/rescues/layout.erb (unprocessable_entity)


Processing SystemController#time (for 127.0.0.1 at 2008-07-01 15:24:20) [PUT]
  Session ID: 8205f75d521a959217b4a4da1106fc0a
  Parameters: {"action"=>"time", "controller"=>"system"}
  [4;36;1mSystemTime Load (0.000989)[0m   [0;1mSELECT * FROM "system_times" WHERE ("system_times"."id" = 1) [0m
Completed in 0.03082 (32 reqs/sec) | Rendering: 0.00026 (0%) | DB: 0.00099 (3%) | 200 OK [http://localhost/system/time]


Processing SystemController#time (for 127.0.0.1 at 2008-07-01 15:25:17) [PUT]
  Session ID: f3bc153e0e593e2e60ffce7f4aa906a0
  Parameters: {"action"=>"time", "id"=>"system_time", "controller"=>"system"}
  [4;35;1mSystemTime Load (0.000989)[0m   [0mSELECT * FROM "system_times" WHERE ("system_times"."id" = 1) [0m
  [4;36;1mSystemTime Update (0.000927)[0m   [0;1mUPDATE "system_times" SET "system_time" = '2009-07-01 10:06:28', "updated_at" = '2008-07-01 13:25:17' WHERE "id" = 1[0m
Completed in 0.32913 (3 reqs/sec) | Rendering: 0.00047 (0%) | DB: 0.00192 (0%) | 200 OK [http://localhost/system/time/system_time]


Processing SystemController#time (for 127.0.0.1 at 2008-07-01 15:26:00) [GET]
  Session ID: 76ace6e8a57b07a5d8a2058d4ae6174a
  Parameters: {"action"=>"time", "id"=>"system_time", "controller"=>"system"}
  [4;35;1mSystemTime Load (0.000990)[0m   [0mSELECT * FROM "system_times" WHERE ("system_times"."id" = 1) [0m
Completed in 0.02496 (40 reqs/sec) | Rendering: 0.00057 (2%) | DB: 0.00099 (3%) | 200 OK [http://localhost/system/time/system_time]


Processing SystemController#time (for 127.0.0.1 at 2008-07-01 15:28:21) [PUT]
  Session ID: b985793665cd6177fbef43bfcb6394e3
  Parameters: {"action"=>"time", "id"=>"system_time", "controller"=>"system"}
  [4;36;1mSystemTime Load (0.000972)[0m   [0;1mSELECT * FROM "system_times" WHERE ("system_times"."id" = 1) [0m
  [4;35;1mSystemTime Update (0.000652)[0m   [0mUPDATE "system_times" SET "system_time" = NULL, "updated_at" = '2008-07-01 13:28:21' WHERE "id" = 1[0m
Completed in 0.25149 (3 reqs/sec) | Rendering: 0.00044 (0%) | DB: 0.00162 (0%) | 200 OK [http://localhost/system/time/system_time]


Processing SystemController#time (for 127.0.0.1 at 2008-07-01 15:28:26) [GET]
  Session ID: bb7ba1f49229b98076fa76e16c735a07
  Parameters: {"action"=>"time", "id"=>"system_time", "controller"=>"system"}
  [4;36;1mSystemTime Load (0.001002)[0m   [0;1mSELECT * FROM "system_times" WHERE ("system_times"."id" = 1) [0m
Completed in 0.02426 (41 reqs/sec) | Rendering: 0.00042 (1%) | DB: 0.00100 (4%) | 200 OK [http://localhost/system/time/system_time]
